Flow report for 7SegController
Thu Mar 31 20:11:13 2022
Quartus Prime Version 20.1.1 Build 720 11/11/2020 SJ Lite Edition


---------------------
; Table of Contents ;
---------------------
  1. Legal Notice
  2. Flow Summary
  3. Flow Settings
  4. Flow Non-Default Global Settings
  5. Flow Elapsed Time
  6. Flow OS Summary
  7. Flow Log
  8. Flow Messages
  9. Flow Suppressed Messages



----------------
; Legal Notice ;
----------------
Copyright (C) 2020  Intel Corporation. All rights reserved.
Your use of Intel Corporation's design tools, logic functions 
and other software and tools, and any partner logic 
functions, and any output files from any of the foregoing 
(including device programming or simulation files), and any 
associated documentation or information are expressly subject 
to the terms and conditions of the Intel Program License 
Subscription Agreement, the Intel Quartus Prime License Agreement,
the Intel FPGA IP License Agreement, or other applicable license
agreement, including, without limitation, that your use is for
the sole purpose of programming logic devices manufactured by
Intel and sold by Intel or its authorized distributors.  Please
refer to the applicable agreement for further details, at
https://fpgasoftware.intel.com/eula.



+----------------------------------------------------------------------------------+
; Flow Summary                                                                     ;
+------------------------------------+---------------------------------------------+
; Flow Status                        ; Successful - Thu Mar 31 20:11:10 2022       ;
; Quartus Prime Version              ; 20.1.1 Build 720 11/11/2020 SJ Lite Edition ;
; Revision Name                      ; 7SegController                              ;
; Top-level Entity Name              ; DE10_LITE_Golden_Top                        ;
; Family                             ; MAX 10                                      ;
; Device                             ; 10M50DAF484C6GES                            ;
; Timing Models                      ; Preliminary                                 ;
; Total logic elements               ; 25 / 49,760 ( < 1 % )                       ;
;     Total combinational functions  ; 25 / 49,760 ( < 1 % )                       ;
;     Dedicated logic registers      ; 22 / 49,760 ( < 1 % )                       ;
; Total registers                    ; 22                                          ;
; Total pins                         ; 145 / 360 ( 40 % )                          ;
; Total virtual pins                 ; 0                                           ;
; Total memory bits                  ; 0 / 1,677,312 ( 0 % )                       ;
; Embedded Multiplier 9-bit elements ; 0 / 288 ( 0 % )                             ;
; Total PLLs                         ; 0 / 4 ( 0 % )                               ;
; UFM blocks                         ; 0 / 1 ( 0 % )                               ;
; ADC blocks                         ; 0 / 2 ( 0 % )                               ;
+------------------------------------+---------------------------------------------+


+-----------------------------------------+
; Flow Settings                           ;
+-------------------+---------------------+
; Option            ; Setting             ;
+-------------------+---------------------+
; Start date & time ; 03/31/2022 20:10:50 ;
; Main task         ; Compilation         ;
; Revision Name     ; 7SegController      ;
+-------------------+---------------------+


+-----------------------------------------------------------------------------------------------------------------------------------+
; Flow Non-Default Global Settings                                                                                                  ;
+-------------------------------------+----------------------------------------+----------------+----------------------+------------+
; Assignment Name                     ; Value                                  ; Default Value  ; Entity Name          ; Section Id ;
+-------------------------------------+----------------------------------------+----------------+----------------------+------------+
; COMPILER_SIGNATURE_ID               ; 27214208380247.164875025021272         ; --             ; --                   ; --         ;
; MAX_CORE_JUNCTION_TEMP              ; 85                                     ; --             ; --                   ; --         ;
; MIN_CORE_JUNCTION_TEMP              ; 0                                      ; --             ; --                   ; --         ;
; PARTITION_COLOR                     ; -- (Not supported for targeted family) ; --             ; DE10_LITE_Golden_Top ; Top        ;
; PARTITION_FITTER_PRESERVATION_LEVEL ; -- (Not supported for targeted family) ; --             ; DE10_LITE_Golden_Top ; Top        ;
; PARTITION_NETLIST_TYPE              ; -- (Not supported for targeted family) ; --             ; DE10_LITE_Golden_Top ; Top        ;
; POWER_BOARD_THERMAL_MODEL           ; None (CONSERVATIVE)                    ; --             ; --                   ; --         ;
; POWER_PRESET_COOLING_SOLUTION       ; 23 MM HEAT SINK WITH 200 LFPM AIRFLOW  ; --             ; --                   ; --         ;
; PROJECT_OUTPUT_DIRECTORY            ; output_files                           ; --             ; --                   ; --         ;
; TOP_LEVEL_ENTITY                    ; DE10_LITE_Golden_Top                   ; 7SegController ; --                   ; --         ;
+-------------------------------------+----------------------------------------+----------------+----------------------+------------+


+--------------------------------------------------------------------------------------------------------------------------+
; Flow Elapsed Time                                                                                                        ;
+----------------------+--------------+-------------------------+---------------------+------------------------------------+
; Module Name          ; Elapsed Time ; Average Processors Used ; Peak Virtual Memory ; Total CPU Time (on all processors) ;
+----------------------+--------------+-------------------------+---------------------+------------------------------------+
; Analysis & Synthesis ; 00:00:07     ; 1.0                     ; 4837 MB             ; 00:00:16                           ;
; Fitter               ; 00:00:09     ; 1.0                     ; 6598 MB             ; 00:00:17                           ;
; Assembler            ; 00:00:02     ; 1.0                     ; 4693 MB             ; 00:00:02                           ;
; Timing Analyzer      ; 00:00:02     ; 1.1                     ; 4967 MB             ; 00:00:02                           ;
; Total                ; 00:00:20     ; --                      ; --                  ; 00:00:37                           ;
+----------------------+--------------+-------------------------+---------------------+------------------------------------+


+------------------------------------------------------------------------------------+
; Flow OS Summary                                                                    ;
+----------------------+------------------+------------+------------+----------------+
; Module Name          ; Machine Hostname ; OS Name    ; OS Version ; Processor type ;
+----------------------+------------------+------------+------------+----------------+
; Analysis & Synthesis ; VICWDESKTOP      ; Windows 10 ; 10.0       ; x86_64         ;
; Fitter               ; VICWDESKTOP      ; Windows 10 ; 10.0       ; x86_64         ;
; Assembler            ; VICWDESKTOP      ; Windows 10 ; 10.0       ; x86_64         ;
; Timing Analyzer      ; VICWDESKTOP      ; Windows 10 ; 10.0       ; x86_64         ;
+----------------------+------------------+------------+------------+----------------+


------------
; Flow Log ;
------------
quartus_map --read_settings_files=on --write_settings_files=off pulse_generator -c 7SegController
quartus_fit --read_settings_files=off --write_settings_files=off pulse_generator -c 7SegController
quartus_asm --read_settings_files=off --write_settings_files=off pulse_generator -c 7SegController
quartus_sta pulse_generator -c 7SegController



